Copyright 1986-2021 Xilinx, Inc. All Rights Reserved.
--------------------------------------------------------------------------------------------------
| Tool Version      : Vivado v.2021.2.1 (win64) Build 3414424 Sun Dec 19 10:57:22 MST 2021
| Date              : Wed Mar  9 09:35:36 2022
| Host              : EUL10-C37V3J3 running 64-bit major release  (build 9200)
| Command           : report_clock_utilization -file ring_oscillator_clock_utilization_routed.rpt
| Design            : ring_oscillator
| Device            : xczu9eg-ffvb1156
| Speed File        : -2  PRODUCTION 1.29 08-03-2020
| Temperature Grade : E
| Design State      : Routed
--------------------------------------------------------------------------------------------------

Clock Utilization Report

Table of Contents
-----------------
1. Clock Primitive Utilization
2. Global Clock Resources
3. Global Clock Source Details
4. Clock Regions : Clock Primitives
5. Clock Regions : Load Primitives
6. Clock Regions : Global Clock Summary
7. Clock Regions : Routing Resource Utilization
8. Device Cell Placement Summary for Global Clock g0
9. Device Cell Placement Summary for Global Clock g1
10. Device Cell Placement Summary for Global Clock g2
11. Device Cell Placement Summary for Global Clock g3
12. Device Cell Placement Summary for Global Clock g4
13. Device Cell Placement Summary for Global Clock g5
14. Device Cell Placement Summary for Global Clock g6
15. Device Cell Placement Summary for Global Clock g7
16. Clock Region Cell Placement per Global Clock: Region X1Y0
17. Clock Region Cell Placement per Global Clock: Region X2Y0
18. Clock Region Cell Placement per Global Clock: Region X3Y0
19. Clock Region Cell Placement per Global Clock: Region X1Y1
20. Clock Region Cell Placement per Global Clock: Region X2Y1
21. Clock Region Cell Placement per Global Clock: Region X3Y1
22. Clock Region Cell Placement per Global Clock: Region X1Y2
23. Clock Region Cell Placement per Global Clock: Region X2Y2
24. Clock Region Cell Placement per Global Clock: Region X3Y2
25. Clock Region Cell Placement per Global Clock: Region X0Y3
26. Clock Region Cell Placement per Global Clock: Region X1Y3
27. Clock Region Cell Placement per Global Clock: Region X2Y3
28. Clock Region Cell Placement per Global Clock: Region X3Y3
29. Clock Region Cell Placement per Global Clock: Region X0Y4
30. Clock Region Cell Placement per Global Clock: Region X1Y4
31. Clock Region Cell Placement per Global Clock: Region X2Y4
32. Clock Region Cell Placement per Global Clock: Region X0Y5
33. Clock Region Cell Placement per Global Clock: Region X1Y5
34. Clock Region Cell Placement per Global Clock: Region X2Y5
35. Clock Region Cell Placement per Global Clock: Region X0Y6
36. Clock Region Cell Placement per Global Clock: Region X1Y6

1. Clock Primitive Utilization
------------------------------

+------------+------+-----------+-----+--------------+--------+
| Type       | Used | Available | LOC | Clock Region | Pblock |
+------------+------+-----------+-----+--------------+--------+
| BUFGCE     |    8 |       116 |   2 |            0 |      0 |
| BUFGCE_DIV |    0 |        16 |   0 |            0 |      0 |
| BUFGCTRL   |    0 |        32 |   0 |            0 |      0 |
| BUFG_GT    |    0 |       168 |   0 |            0 |      0 |
| MMCM       |    2 |         4 |   0 |            0 |      0 |
| PLL        |    0 |         8 |   0 |            0 |      0 |
+------------+------+-----------+-----+--------------+--------+


2. Global Clock Resources
-------------------------

+-----------+-----------+-----------------+--------------+--------------+--------------+------+-------------------+-------------------+-------------+-----------------+--------------+-----------------------------------------------------------------------------------------------------+----------------------------------------------------------------------+---------------------------------------------------------------+
| Global Id | Source Id | Driver Type/Pin | Constraint   | Site         | Clock Region | Root | Clock Delay Group | Load Clock Region | Clock Loads | Non-Clock Loads | Clock Period | Clock                                                                                               | Driver Pin                                                           | Net                                                           |
+-----------+-----------+-----------------+--------------+--------------+--------------+------+-------------------+-------------------+-------------+-----------------+--------------+-----------------------------------------------------------------------------------------------------+----------------------------------------------------------------------+---------------------------------------------------------------+
| g0        | src0      | BUFGCE/O        | None         | BUFGCE_X0Y10 | X3Y0         | X1Y3 |                   |                17 |        5452 |               0 |        9.999 | clk100_clk_200_to_100                                                                               | clk_200_to_100_0/inst/clkout1_buf/O                                  | clk_200_to_100_0/inst/clk100                                  |
| g1        | src1      | BUFGCE/O        | None         | BUFGCE_X0Y81 | X3Y3         | X2Y2 |                   |                 3 |        2354 |               0 |        5.000 | master_ring_pll_clk_master_ring_pll_220m                                                            | master_ring_pll_220m_0/inst/clkout1_buf/O                            | master_ring_pll_220m_0/inst/master_ring_pll_clk               |
| g2        | src2      | BUFGCE/O        | BUFGCE_X0Y73 | BUFGCE_X0Y73 | X3Y3         | X1Y3 |                   |                16 |         591 |               2 |        5.000 | ring_clk                                                                                            | ring_gen[0].ring_bufg/O                                              | ring_clk[0]                                                   |
| g3        | src3      | BUFGCE/O        | None         | BUFGCE_X0Y38 | X3Y1         | X3Y1 |                   |                 2 |         469 |               0 |       50.000 | dbg_hub/inst/BSCANID.u_xsdbm_id/SWITCH_N_EXT_BSCAN.bscan_inst/SERIES7_BSCAN.bscan_inst/INTERNAL_TCK | dbg_hub/inst/BSCANID.u_xsdbm_id/SWITCH_N_EXT_BSCAN.u_bufg_icon_tck/O | dbg_hub/inst/BSCANID.u_xsdbm_id/itck_i                        |
| g4        | src4      | BUFGCE/O        | BUFGCE_X0Y72 | BUFGCE_X0Y72 | X3Y3         | X2Y2 |                   |                 4 |         118 |               3 |        5.000 | ring_clk                                                                                            | ring_gen[1].ring_bufg/O                                              | ring_clk[1]                                                   |
| g5        | src5      | BUFGCE/O        | None         | BUFGCE_X0Y6  | X3Y0         | X1Y3 | n/a               |                 1 |           0 |               1 |        3.333 | clkfbout_clk_200_to_100                                                                             | clk_200_to_100_0/inst/clkf_buf/O                                     | clk_200_to_100_0/inst/clkfbout_buf_clk_200_to_100             |
| g6        | src6      | BUFGCE/O        | None         | BUFGCE_X0Y76 | X3Y3         | X2Y2 | n/a               |                 1 |           0 |               1 |        5.000 | clkfbout_master_ring_pll_220m                                                                       | master_ring_pll_220m_0/inst/clkf_buf/O                               | master_ring_pll_220m_0/inst/clkfbout_buf_master_ring_pll_220m |
| g7        | src7      | BUFGCE/O        | None         | BUFGCE_X0Y95 | X3Y3         | X3Y3 | n/a               |                 1 |           0 |              32 |          n/a | n/a                                                                                                 | enable_bufg/O                                                        | ring_enable                                                   |
+-----------+-----------+-----------------+--------------+--------------+--------------+------+-------------------+-------------------+-------------+-----------------+--------------+-----------------------------------------------------------------------------------------------------+----------------------------------------------------------------------+---------------------------------------------------------------+
* Clock Loads column represents the clock pin loads (pin count)
** Non-Clock Loads column represents the non-clock pin loads (pin count)


3. Global Clock Source Details
------------------------------

+-----------+-----------+---------------------+---------------+------------------+--------------+-------------+-----------------+---------------------+-----------------------------------------------------------------------------------------------------+--------------------------------------------------------------------------------------------+----------------------------------------------------------------------+
| Source Id | Global Id | Driver Type/Pin     | Constraint    | Site             | Clock Region | Clock Loads | Non-Clock Loads | Source Clock Period | Source Clock                                                                                        | Driver Pin                                                                                 | Net                                                                  |
+-----------+-----------+---------------------+---------------+------------------+--------------+-------------+-----------------+---------------------+-----------------------------------------------------------------------------------------------------+--------------------------------------------------------------------------------------------+----------------------------------------------------------------------+
| src0      | g0        | MMCME4_ADV/CLKOUT0  | None          | MMCM_X0Y0        | X3Y0         |           1 |               0 |               9.999 | clk100_clk_200_to_100                                                                               | clk_200_to_100_0/inst/mmcme4_adv_inst/CLKOUT0                                              | clk_200_to_100_0/inst/clk100_clk_200_to_100                          |
| src1      | g1        | MMCME4_ADV/CLKOUT0  | None          | MMCM_X0Y3        | X3Y3         |           1 |               0 |               5.000 | master_ring_pll_clk_master_ring_pll_220m                                                            | master_ring_pll_220m_0/inst/mmcme4_adv_inst/CLKOUT0                                        | master_ring_pll_220m_0/inst/master_ring_pll_clk_master_ring_pll_220m |
| src2      | g2        | LUT2/O              | SLICE_X95Y185 | SLICE_X95Y185    | X3Y3         |           1 |               1 |                     |                                                                                                     | ring_stage[0]_inferred_i_1/O                                                               | ring_stage[0][15]                                                    |
| src3      | g3        | BSCANE2/TCK         | None          | CONFIG_SITE_X0Y0 | X3Y1         |           1 |               0 |              50.000 | dbg_hub/inst/BSCANID.u_xsdbm_id/SWITCH_N_EXT_BSCAN.bscan_inst/SERIES7_BSCAN.bscan_inst/INTERNAL_TCK | dbg_hub/inst/BSCANID.u_xsdbm_id/SWITCH_N_EXT_BSCAN.bscan_inst/SERIES7_BSCAN.bscan_inst/TCK | dbg_hub/inst/BSCANID.u_xsdbm_id/SWITCH_N_EXT_BSCAN.bscan_inst/tck_bs |
| src4      | g4        | LUT2/O              | SLICE_X95Y183 | SLICE_X95Y183    | X3Y3         |           1 |               1 |                     |                                                                                                     | ring_stage[1]_inferred_i_1/O                                                               | ring_stage[1][15]                                                    |
| src5      | g5        | MMCME4_ADV/CLKFBOUT | None          | MMCM_X0Y0        | X3Y0         |           1 |               0 |               3.333 | clkfbout_clk_200_to_100                                                                             | clk_200_to_100_0/inst/mmcme4_adv_inst/CLKFBOUT                                             | clk_200_to_100_0/inst/clkfbout_clk_200_to_100                        |
| src6      | g6        | MMCME4_ADV/CLKFBOUT | None          | MMCM_X0Y3        | X3Y3         |           1 |               0 |               5.000 | clkfbout_master_ring_pll_220m                                                                       | master_ring_pll_220m_0/inst/mmcme4_adv_inst/CLKFBOUT                                       | master_ring_pll_220m_0/inst/clkfbout_master_ring_pll_220m            |
| src7      | g7        | MMCME4_ADV/LOCKED   | None          | MMCM_X0Y0        | X3Y0         |           1 |             108 |                     |                                                                                                     | clk_200_to_100_0/inst/mmcme4_adv_inst/LOCKED                                               | clk_200_to_100_0/inst/locked                                         |
+-----------+-----------+---------------------+---------------+------------------+--------------+-------------+-----------------+---------------------+-----------------------------------------------------------------------------------------------------+--------------------------------------------------------------------------------------------+----------------------------------------------------------------------+
* Clock Loads column represents the clock pin loads (pin count)
** Non-Clock Loads column represents the non-clock pin loads (pin count)


4. Clock Regions : Clock Primitives
-----------------------------------

+-------------------+---------------+---------------+---------------+---------------+---------------+---------------+---------------+
|                   |  Global Clock |     BUFGCE    |   BUFGCE_DIV  |    BUFGCTRL   |    BUFG_GT    |      MMCM     |      PLL      |
+-------------------+-------+-------+-------+-------+-------+-------+-------+-------+-------+-------+-------+-------+-------+-------+
| Clock Region Name | Used  | Avail | Used  | Avail | Used  | Avail | Used  | Avail | Used  | Avail | Used  | Avail | Used  | Avail |
+-------------------+-------+-------+-------+-------+-------+-------+-------+-------+-------+-------+-------+-------+-------+-------+
| X0Y0              |     0 |     0 |     0 |     0 |     0 |     0 |     0 |     0 |     0 |     0 |     0 |     0 |     0 |     0 |
| X1Y0              |     1 |    24 |     0 |     0 |     0 |     0 |     0 |     0 |     0 |     0 |     0 |     0 |     0 |     0 |
| X2Y0              |     1 |    24 |     0 |     0 |     0 |     0 |     0 |     0 |     0 |     0 |     0 |     0 |     0 |     0 |
| X3Y0              |     1 |    24 |     2 |    28 |     0 |     4 |     0 |     8 |     0 |     0 |     1 |     1 |     0 |     2 |
| X0Y1              |     0 |     0 |     0 |     0 |     0 |     0 |     0 |     0 |     0 |     0 |     0 |     0 |     0 |     0 |
| X1Y1              |     2 |    24 |     0 |     0 |     0 |     0 |     0 |     0 |     0 |     0 |     0 |     0 |     0 |     0 |
| X2Y1              |     4 |    24 |     0 |     0 |     0 |     0 |     0 |     0 |     0 |     0 |     0 |     0 |     0 |     0 |
| X3Y1              |     3 |    24 |     1 |    24 |     0 |     4 |     0 |     8 |     0 |     0 |     0 |     1 |     0 |     2 |
| X0Y2              |     0 |     0 |     0 |     0 |     0 |     0 |     0 |     0 |     0 |     0 |     0 |     0 |     0 |     0 |
| X1Y2              |     2 |    24 |     0 |     0 |     0 |     0 |     0 |     0 |     0 |     0 |     0 |     0 |     0 |     0 |
| X2Y2              |     4 |    24 |     0 |     0 |     0 |     0 |     0 |     0 |     0 |     0 |     0 |     0 |     0 |     0 |
| X3Y2              |     4 |    24 |     0 |    24 |     0 |     4 |     0 |     8 |     0 |     0 |     0 |     1 |     0 |     2 |
| X0Y3              |     2 |    24 |     0 |     0 |     0 |     0 |     0 |     0 |     0 |    24 |     0 |     0 |     0 |     0 |
| X1Y3              |     2 |    24 |     0 |     0 |     0 |     0 |     0 |     0 |     0 |     0 |     0 |     0 |     0 |     0 |
| X2Y3              |     4 |    24 |     0 |     0 |     0 |     0 |     0 |     0 |     0 |     0 |     0 |     0 |     0 |     0 |
| X3Y3              |     5 |    24 |     5 |    28 |     0 |     4 |     0 |     8 |     0 |     0 |     1 |     1 |     0 |     2 |
| X0Y4              |     2 |    24 |     0 |     0 |     0 |     0 |     0 |     0 |     0 |    24 |     0 |     0 |     0 |     0 |
| X1Y4              |     3 |    24 |     0 |     0 |     0 |     0 |     0 |     0 |     0 |     0 |     0 |     0 |     0 |     0 |
| X2Y4              |     3 |    24 |     0 |     0 |     0 |     0 |     0 |     0 |     0 |     0 |     0 |     0 |     0 |     0 |
| X3Y4              |     0 |    24 |     0 |     4 |     0 |     0 |     0 |     0 |     0 |    24 |     0 |     0 |     0 |     0 |
| X0Y5              |     2 |    24 |     0 |     0 |     0 |     0 |     0 |     0 |     0 |    24 |     0 |     0 |     0 |     0 |
| X1Y5              |     2 |    24 |     0 |     0 |     0 |     0 |     0 |     0 |     0 |     0 |     0 |     0 |     0 |     0 |
| X2Y5              |     2 |    24 |     0 |     0 |     0 |     0 |     0 |     0 |     0 |     0 |     0 |     0 |     0 |     0 |
| X3Y5              |     0 |    24 |     0 |     4 |     0 |     0 |     0 |     0 |     0 |    24 |     0 |     0 |     0 |     0 |
| X0Y6              |     2 |    24 |     0 |     0 |     0 |     0 |     0 |     0 |     0 |    24 |     0 |     0 |     0 |     0 |
| X1Y6              |     2 |    24 |     0 |     0 |     0 |     0 |     0 |     0 |     0 |     0 |     0 |     0 |     0 |     0 |
| X2Y6              |     0 |    24 |     0 |     0 |     0 |     0 |     0 |     0 |     0 |     0 |     0 |     0 |     0 |     0 |
| X3Y6              |     0 |    24 |     0 |     4 |     0 |     0 |     0 |     0 |     0 |    24 |     0 |     0 |     0 |     0 |
+-------------------+-------+-------+-------+-------+-------+-------+-------+-------+-------+-------+-------+-------+-------+-------+
* Global Clock column represents track count; while other columns represents cell counts


5. Clock Regions : Load Primitives
----------------------------------

+-------------------+------------------+------------------+------------------+------------------+------------------+------------------+------------------+
|                   |   Global Clock   |        FF        |      LUTRAM      |  Block RAM (18K) |        DSP       |        GT        |      HARD IP     |
+-------------------+--------+---------+--------+---------+--------+---------+--------+---------+--------+---------+--------+---------+--------+---------+
| Clock Region Name | Used   | Avail   | Used   | Avail   | Used   | Avail   | Used   | Avail   | Used   | Avail   | Used   | Avail   | Used   | Avail   |
+-------------------+--------+---------+--------+---------+--------+---------+--------+---------+--------+---------+--------+---------+--------+---------+
| X0Y0              |      0 |       0 |      0 |       0 |      0 |       0 |      0 |       0 |      0 |       0 |      0 |       0 |      0 |       0 |
| X1Y0              |      1 |      24 |      0 |   19200 |      0 |    5280 |      0 |      48 |      0 |     120 |      0 |       0 |      0 |       0 |
| X2Y0              |      1 |      24 |      0 |   20160 |      0 |    5280 |      0 |      72 |      0 |      96 |      0 |       0 |      0 |       0 |
| X3Y0              |      1 |      24 |      0 |   19200 |      0 |    4800 |      0 |      72 |      0 |      48 |      0 |       0 |      0 |       0 |
| X0Y1              |      0 |       0 |      0 |       0 |      0 |       0 |      0 |       0 |      0 |       0 |      0 |       0 |      0 |       0 |
| X1Y1              |      2 |      24 |      0 |   19200 |      0 |    5280 |      0 |      48 |      0 |     120 |      0 |       0 |      0 |       0 |
| X2Y1              |      4 |      24 |   1333 |   20160 |      0 |    5280 |     12 |      72 |      0 |      96 |      0 |       0 |      0 |       0 |
| X3Y1              |      3 |      24 |   2082 |   19200 |      6 |    4800 |      4 |      72 |      0 |      48 |      0 |       0 |      0 |       0 |
| X0Y2              |      0 |       0 |      0 |       0 |      0 |       0 |      0 |       0 |      0 |       0 |      0 |       0 |      0 |       0 |
| X1Y2              |      2 |      24 |      0 |   19200 |      0 |    5280 |      4 |      48 |      0 |     120 |      0 |       0 |      0 |       0 |
| X2Y2              |      4 |      24 |    244 |   20160 |      0 |    5280 |     14 |      72 |      0 |      96 |      0 |       0 |      0 |       0 |
| X3Y2              |      4 |      24 |   4391 |   19200 |      0 |    4800 |     16 |      72 |      0 |      48 |      0 |       0 |      0 |       0 |
| X0Y3              |      2 |      24 |      0 |   27840 |      0 |    7200 |     78 |      96 |      0 |     144 |      0 |       4 |      0 |       0 |
| X1Y3              |      2 |      24 |      0 |   25920 |      0 |    7200 |     52 |      72 |      0 |     144 |      0 |       0 |      0 |       0 |
| X2Y3              |      4 |      24 |      0 |   20160 |      0 |    5280 |     72 |      72 |      0 |      96 |      0 |       0 |      0 |       0 |
| X3Y3              |      5 |      24 |      1 |   19200 |      0 |    4800 |      2 |      72 |      0 |      48 |      0 |       0 |      0 |       0 |
| X0Y4              |      2 |      24 |      0 |   27840 |      0 |    7200 |     52 |      96 |      0 |     144 |      0 |       4 |      0 |       0 |
| X1Y4              |      3 |      24 |    381 |   25920 |      0 |    7200 |     40 |      72 |      0 |     144 |      0 |       0 |      0 |       0 |
| X2Y4              |      3 |      24 |      0 |   20160 |      0 |    5280 |     64 |      72 |      0 |      96 |      0 |       0 |      0 |       0 |
| X3Y4              |      0 |      24 |      0 |   19200 |      0 |    4800 |      0 |      72 |      0 |      48 |      0 |       4 |      0 |       0 |
| X0Y5              |      2 |      24 |      0 |   27840 |      0 |    7200 |     66 |      96 |      0 |     144 |      0 |       4 |      0 |       0 |
| X1Y5              |      2 |      24 |      0 |   25920 |      0 |    7200 |     56 |      72 |      0 |     144 |      0 |       0 |      0 |       0 |
| X2Y5              |      2 |      24 |      0 |   20160 |      0 |    5280 |      2 |      72 |      0 |      96 |      0 |       0 |      0 |       0 |
| X3Y5              |      0 |      24 |      0 |   19200 |      0 |    4800 |      0 |      72 |      0 |      48 |      0 |       4 |      0 |       0 |
| X0Y6              |      2 |      24 |      0 |   27840 |      0 |    7200 |      2 |      96 |      0 |     144 |      0 |       4 |      0 |       0 |
| X1Y6              |      2 |      24 |      0 |   25920 |      0 |    7200 |      8 |      72 |      0 |     144 |      0 |       0 |      0 |       0 |
| X2Y6              |      0 |      24 |      0 |   20160 |      0 |    5280 |      0 |      72 |      0 |      96 |      0 |       0 |      0 |       0 |
| X3Y6              |      0 |      24 |      0 |   19200 |      0 |    4800 |      0 |      72 |      0 |      48 |      0 |       4 |      0 |       0 |
+-------------------+--------+---------+--------+---------+--------+---------+--------+---------+--------+---------+--------+---------+--------+---------+
* Global Clock column represents track count; while other columns represents cell counts


6. Clock Regions : Global Clock Summary
---------------------------------------

All Modules
+----+----+----+----+----+
|    | X0 | X1 | X2 | X3 |
+----+----+----+----+----+
| Y6 |  2 |  2 |  0 |  0 |
| Y5 |  2 |  2 |  2 |  0 |
| Y4 |  2 |  3 |  3 |  0 |
| Y3 |  2 |  3 |  5 |  6 |
| Y2 |  0 |  3 |  5 |  4 |
| Y1 |  0 |  3 |  4 |  3 |
| Y0 |  0 |  2 |  2 |  2 |
+----+----+----+----+----+


7. Clock Regions : Routing Resource Utilization
-----------------------------------------------

All Modules
+-------------------+----------------------+----------------------+----------------------+----------------------+
|                   |        HROUTES       |        HDISTRS       |        VROUTES       |        VDISTRS       |
+-------------------+------+-------+-------+------+-------+-------+------+-------+-------+------+-------+-------+
| Clock Region Name | Used | Avail | Util% | Used | Avail | Util% | Used | Avail | Util% | Used | Avail | Util% |
+-------------------+------+-------+-------+------+-------+-------+------+-------+-------+------+-------+-------+
| X0Y0              |    0 |     0 |  0.00 |    0 |     0 |  0.00 |    0 |     0 |  0.00 |    0 |     0 |  0.00 |
| X1Y0              |    4 |    24 | 16.67 |    1 |    24 |  4.17 |    0 |    24 |  0.00 |    1 |    24 |  4.17 |
| X2Y0              |    4 |    24 | 16.67 |    1 |    24 |  4.17 |    0 |    24 |  0.00 |    0 |    24 |  0.00 |
| X3Y0              |    4 |    24 | 16.67 |    1 |    24 |  4.17 |    0 |    24 |  0.00 |    0 |    24 |  0.00 |
| X0Y1              |    0 |     0 |  0.00 |    0 |     0 |  0.00 |    0 |     0 |  0.00 |    0 |     0 |  0.00 |
| X1Y1              |    0 |    24 |  0.00 |    2 |    24 |  8.33 |    2 |    24 |  8.33 |    3 |    24 | 12.50 |
| X2Y1              |    0 |    24 |  0.00 |    4 |    24 | 16.67 |    0 |    24 |  0.00 |    1 |    24 |  4.17 |
| X3Y1              |    0 |    24 |  0.00 |    3 |    24 | 12.50 |    0 |    24 |  0.00 |    0 |    24 |  0.00 |
| X0Y2              |    0 |     0 |  0.00 |    0 |     0 |  0.00 |    0 |     0 |  0.00 |    0 |     0 |  0.00 |
| X1Y2              |    0 |    24 |  0.00 |    2 |    24 |  8.33 |    2 |    24 |  8.33 |    3 |    24 | 12.50 |
| X2Y2              |    0 |    24 |  0.00 |    4 |    24 | 16.67 |    3 |    24 | 12.50 |    3 |    24 | 12.50 |
| X3Y2              |    0 |    24 |  0.00 |    4 |    24 | 16.67 |    0 |    24 |  0.00 |    0 |    24 |  0.00 |
| X0Y3              |    0 |    24 |  0.00 |    2 |    24 |  8.33 |    0 |    24 |  0.00 |    0 |    24 |  0.00 |
| X1Y3              |    2 |    24 |  8.33 |    2 |    24 |  8.33 |    2 |    24 |  8.33 |    3 |    24 | 12.50 |
| X2Y3              |    8 |    24 | 33.33 |    4 |    24 | 16.67 |    3 |    24 | 12.50 |    1 |    24 |  4.17 |
| X3Y3              |    8 |    24 | 33.33 |    5 |    24 | 20.83 |    0 |    24 |  0.00 |    0 |    24 |  0.00 |
| X0Y4              |    0 |    24 |  0.00 |    2 |    24 |  8.33 |    0 |    24 |  0.00 |    0 |    24 |  0.00 |
| X1Y4              |    0 |    24 |  0.00 |    3 |    24 | 12.50 |    0 |    24 |  0.00 |    2 |    24 |  8.33 |
| X2Y4              |    0 |    24 |  0.00 |    3 |    24 | 12.50 |    0 |    24 |  0.00 |    0 |    24 |  0.00 |
| X3Y4              |    0 |    24 |  0.00 |    0 |    24 |  0.00 |    0 |    24 |  0.00 |    0 |    24 |  0.00 |
| X0Y5              |    0 |    24 |  0.00 |    2 |    24 |  8.33 |    0 |    24 |  0.00 |    0 |    24 |  0.00 |
| X1Y5              |    0 |    24 |  0.00 |    2 |    24 |  8.33 |    0 |    24 |  0.00 |    2 |    24 |  8.33 |
| X2Y5              |    0 |    24 |  0.00 |    2 |    24 |  8.33 |    0 |    24 |  0.00 |    0 |    24 |  0.00 |
| X3Y5              |    0 |    24 |  0.00 |    0 |    24 |  0.00 |    0 |    24 |  0.00 |    0 |    24 |  0.00 |
| X0Y6              |    0 |    24 |  0.00 |    2 |    24 |  8.33 |    0 |    24 |  0.00 |    0 |    24 |  0.00 |
| X1Y6              |    0 |    24 |  0.00 |    2 |    24 |  8.33 |    0 |    24 |  0.00 |    0 |    24 |  0.00 |
| X2Y6              |    0 |    24 |  0.00 |    0 |    24 |  0.00 |    0 |    24 |  0.00 |    0 |    24 |  0.00 |
| X3Y6              |    0 |    24 |  0.00 |    0 |    24 |  0.00 |    0 |    24 |  0.00 |    0 |    24 |  0.00 |
+-------------------+------+-------+-------+------+-------+-------+------+-------+-------+------+-------+-------+


8. Device Cell Placement Summary for Global Clock g0
----------------------------------------------------

+-----------+-----------------+-------------------+-----------------------+-------------+---------------+----------+-------------+----------+----------------+----------+------------------------------+
| Global Id | Driver Type/Pin | Driver Region (D) | Clock                 | Period (ns) | Waveform (ns) | Root (R) | Slice Loads | IO Loads | Clocking Loads | GT Loads | Net                          |
+-----------+-----------------+-------------------+-----------------------+-------------+---------------+----------+-------------+----------+----------------+----------+------------------------------+
| g0        | BUFGCE/O        | X3Y0              | clk100_clk_200_to_100 |       9.999 | {0.000 4.999} | X1Y3     |        5451 |        0 |              1 |        0 | clk_200_to_100_0/inst/clk100 |
+-----------+-----------------+-------------------+-----------------------+-------------+---------------+----------+-------------+----------+----------------+----------+------------------------------+
* Slice Loads column represents load cell count of all cell types other than IO, GT and clock resources
** IO Loads column represents load cell count of IO types
*** Clocking Loads column represents load cell count that are clock resources (global clock buffer, MMCM, PLL, etc)
**** GT Loads column represents load cell count of GT types


+----+-----+--------+-------+--------+-----------------------+
|    | X0  | X1     | X2    | X3     | HORIZONTAL PROG DELAY |
+----+-----+--------+-------+--------+-----------------------+
| Y6 |   1 |      4 |     0 |      0 |                     1 |
| Y5 |  33 |     28 |     1 |      0 |                     2 |
| Y4 |  26 |    186 |    32 |      0 |                     3 |
| Y3 |  39 | (R) 26 |    36 |      2 |                     3 |
| Y2 |   0 |      2 |   245 |   2060 |                     2 |
| Y1 |   0 |      0 |  1109 |   1622 |                     1 |
| Y0 |   0 |      0 |     0 |  (D) 0 |                     - |
+----+-----+--------+-------+--------+-----------------------+


9. Device Cell Placement Summary for Global Clock g1
----------------------------------------------------

+-----------+-----------------+-------------------+------------------------------------------+-------------+---------------+----------+-------------+----------+----------------+----------+-------------------------------------------------+
| Global Id | Driver Type/Pin | Driver Region (D) | Clock                                    | Period (ns) | Waveform (ns) | Root (R) | Slice Loads | IO Loads | Clocking Loads | GT Loads | Net                                             |
+-----------+-----------------+-------------------+------------------------------------------+-------------+---------------+----------+-------------+----------+----------------+----------+-------------------------------------------------+
| g1        | BUFGCE/O        | X3Y3              | master_ring_pll_clk_master_ring_pll_220m |       5.000 | {0.000 2.500} | X2Y2     |        2354 |        0 |              0 |        0 | master_ring_pll_220m_0/inst/master_ring_pll_clk |
+-----------+-----------------+-------------------+------------------------------------------+-------------+---------------+----------+-------------+----------+----------------+----------+-------------------------------------------------+
* Slice Loads column represents load cell count of all cell types other than IO, GT and clock resources
** IO Loads column represents load cell count of IO types
*** Clocking Loads column represents load cell count that are clock resources (global clock buffer, MMCM, PLL, etc)
**** GT Loads column represents load cell count of GT types


+----+----+----+-------+--------+-----------------------+
|    | X0 | X1 | X2    | X3     | HORIZONTAL PROG DELAY |
+----+----+----+-------+--------+-----------------------+
| Y6 |  0 |  0 |     0 |      0 |                     - |
| Y5 |  0 |  0 |     0 |      0 |                     - |
| Y4 |  0 |  0 |     0 |      0 |                     - |
| Y3 |  0 |  0 |     0 |  (D) 1 |                     0 |
| Y2 |  0 |  0 | (R) 6 |   2347 |                     0 |
| Y1 |  0 |  0 |     0 |      0 |                     - |
| Y0 |  0 |  0 |     0 |      0 |                     - |
+----+----+----+-------+--------+-----------------------+


10. Device Cell Placement Summary for Global Clock g2
-----------------------------------------------------

+-----------+-----------------+-------------------+----------+-------------+---------------+----------+-------------+----------+----------------+----------+-------------+
| Global Id | Driver Type/Pin | Driver Region (D) | Clock    | Period (ns) | Waveform (ns) | Root (R) | Slice Loads | IO Loads | Clocking Loads | GT Loads | Net         |
+-----------+-----------------+-------------------+----------+-------------+---------------+----------+-------------+----------+----------------+----------+-------------+
| g2        | BUFGCE/O        | X3Y3              | ring_clk |       5.000 | {0.000 2.500} | X1Y3     |         592 |        0 |              1 |        0 | ring_clk[0] |
+-----------+-----------------+-------------------+----------+-------------+---------------+----------+-------------+----------+----------------+----------+-------------+
* Slice Loads column represents load cell count of all cell types other than IO, GT and clock resources
** IO Loads column represents load cell count of IO types
*** Clocking Loads column represents load cell count that are clock resources (global clock buffer, MMCM, PLL, etc)
**** GT Loads column represents load cell count of GT types


+----+-----+--------+------+--------+-----------------------+
|    | X0  | X1     | X2   | X3     | HORIZONTAL PROG DELAY |
+----+-----+--------+------+--------+-----------------------+
| Y6 |   1 |      4 |    0 |      0 |                     0 |
| Y5 |  33 |     28 |    1 |      0 |                     1 |
| Y4 |  26 |    235 |   32 |      0 |                     2 |
| Y3 |  39 | (R) 26 |   36 |  (D) 2 |                     2 |
| Y2 |   0 |      2 |    7 |      1 |                     1 |
| Y1 |   0 |      0 |  120 |      0 |                     0 |
| Y0 |   0 |      0 |    0 |      0 |                     - |
+----+-----+--------+------+--------+-----------------------+


11. Device Cell Placement Summary for Global Clock g3
-----------------------------------------------------

+-----------+-----------------+-------------------+-----------------------------------------------------------------------------------------------------+-------------+----------------+----------+-------------+----------+----------------+----------+----------------------------------------+
| Global Id | Driver Type/Pin | Driver Region (D) | Clock                                                                                               | Period (ns) | Waveform (ns)  | Root (R) | Slice Loads | IO Loads | Clocking Loads | GT Loads | Net                                    |
+-----------+-----------------+-------------------+-----------------------------------------------------------------------------------------------------+-------------+----------------+----------+-------------+----------+----------------+----------+----------------------------------------+
| g3        | BUFGCE/O        | X3Y1              | dbg_hub/inst/BSCANID.u_xsdbm_id/SWITCH_N_EXT_BSCAN.bscan_inst/SERIES7_BSCAN.bscan_inst/INTERNAL_TCK |      50.000 | {0.000 25.000} | X3Y1     |         469 |        0 |              0 |        0 | dbg_hub/inst/BSCANID.u_xsdbm_id/itck_i |
+-----------+-----------------+-------------------+-----------------------------------------------------------------------------------------------------+-------------+----------------+----------+-------------+----------+----------------+----------+----------------------------------------+
* Slice Loads column represents load cell count of all cell types other than IO, GT and clock resources
** IO Loads column represents load cell count of IO types
*** Clocking Loads column represents load cell count that are clock resources (global clock buffer, MMCM, PLL, etc)
**** GT Loads column represents load cell count of GT types


+----+----+----+----+-------------+-----------------------+
|    | X0 | X1 | X2 | X3          | HORIZONTAL PROG DELAY |
+----+----+----+----+-------------+-----------------------+
| Y6 |  0 |  0 |  0 |           0 |                     - |
| Y5 |  0 |  0 |  0 |           0 |                     - |
| Y4 |  0 |  0 |  0 |           0 |                     - |
| Y3 |  0 |  0 |  0 |           0 |                     - |
| Y2 |  0 |  0 |  0 |           0 |                     - |
| Y1 |  0 |  0 |  4 | (R) (D) 465 |                     0 |
| Y0 |  0 |  0 |  0 |           0 |                     - |
+----+----+----+----+-------------+-----------------------+


12. Device Cell Placement Summary for Global Clock g4
-----------------------------------------------------

+-----------+-----------------+-------------------+----------+-------------+---------------+----------+-------------+----------+----------------+----------+-------------+
| Global Id | Driver Type/Pin | Driver Region (D) | Clock    | Period (ns) | Waveform (ns) | Root (R) | Slice Loads | IO Loads | Clocking Loads | GT Loads | Net         |
+-----------+-----------------+-------------------+----------+-------------+---------------+----------+-------------+----------+----------------+----------+-------------+
| g4        | BUFGCE/O        | X3Y3              | ring_clk |       5.000 | {0.000 2.500} | X2Y2     |         121 |        0 |              0 |        0 | ring_clk[1] |
+-----------+-----------------+-------------------+----------+-------------+---------------+----------+-------------+----------+----------------+----------+-------------+
* Slice Loads column represents load cell count of all cell types other than IO, GT and clock resources
** IO Loads column represents load cell count of IO types
*** Clocking Loads column represents load cell count that are clock resources (global clock buffer, MMCM, PLL, etc)
**** GT Loads column represents load cell count of GT types


+----+----+----+-------+--------+-----------------------+
|    | X0 | X1 | X2    | X3     | HORIZONTAL PROG DELAY |
+----+----+----+-------+--------+-----------------------+
| Y6 |  0 |  0 |     0 |      0 |                     - |
| Y5 |  0 |  0 |     0 |      0 |                     - |
| Y4 |  0 |  1 |     0 |      0 |                     0 |
| Y3 |  0 |  0 |     0 |  (D) 0 |                     - |
| Y2 |  0 |  0 | (R) 0 |      1 |                     1 |
| Y1 |  0 |  0 |   113 |      6 |                     0 |
| Y0 |  0 |  0 |     0 |      0 |                     - |
+----+----+----+-------+--------+-----------------------+


13. Device Cell Placement Summary for Global Clock g5
-----------------------------------------------------

+-----------+-----------------+-------------------+-------------------------+-------------+---------------+----------+-------------+----------+----------------+----------+---------------------------------------------------+
| Global Id | Driver Type/Pin | Driver Region (D) | Clock                   | Period (ns) | Waveform (ns) | Root (R) | Slice Loads | IO Loads | Clocking Loads | GT Loads | Net                                               |
+-----------+-----------------+-------------------+-------------------------+-------------+---------------+----------+-------------+----------+----------------+----------+---------------------------------------------------+
| g5        | BUFGCE/O        | X3Y0              | clkfbout_clk_200_to_100 |       3.333 | {0.000 1.666} | X1Y3     |           0 |        0 |              1 |        0 | clk_200_to_100_0/inst/clkfbout_buf_clk_200_to_100 |
+-----------+-----------------+-------------------+-------------------------+-------------+---------------+----------+-------------+----------+----------------+----------+---------------------------------------------------+
* Slice Loads column represents load cell count of all cell types other than IO, GT and clock resources
** IO Loads column represents load cell count of IO types
*** Clocking Loads column represents load cell count that are clock resources (global clock buffer, MMCM, PLL, etc)
**** GT Loads column represents load cell count of GT types


+----+----+-------+----+--------+-----------------------+
|    | X0 | X1    | X2 | X3     | HORIZONTAL PROG DELAY |
+----+----+-------+----+--------+-----------------------+
| Y6 |  0 |     0 |  0 |      0 |                     - |
| Y5 |  0 |     0 |  0 |      0 |                     - |
| Y4 |  0 |     0 |  0 |      0 |                     - |
| Y3 |  0 | (R) 0 |  0 |      0 |                     - |
| Y2 |  0 |     0 |  0 |      0 |                     - |
| Y1 |  0 |     0 |  0 |      0 |                     - |
| Y0 |  0 |     0 |  0 |  (D) 1 |                     0 |
+----+----+-------+----+--------+-----------------------+


14. Device Cell Placement Summary for Global Clock g6
-----------------------------------------------------

+-----------+-----------------+-------------------+-------------------------------+-------------+---------------+----------+-------------+----------+----------------+----------+---------------------------------------------------------------+
| Global Id | Driver Type/Pin | Driver Region (D) | Clock                         | Period (ns) | Waveform (ns) | Root (R) | Slice Loads | IO Loads | Clocking Loads | GT Loads | Net                                                           |
+-----------+-----------------+-------------------+-------------------------------+-------------+---------------+----------+-------------+----------+----------------+----------+---------------------------------------------------------------+
| g6        | BUFGCE/O        | X3Y3              | clkfbout_master_ring_pll_220m |       5.000 | {0.000 2.500} | X2Y2     |           0 |        0 |              1 |        0 | master_ring_pll_220m_0/inst/clkfbout_buf_master_ring_pll_220m |
+-----------+-----------------+-------------------+-------------------------------+-------------+---------------+----------+-------------+----------+----------------+----------+---------------------------------------------------------------+
* Slice Loads column represents load cell count of all cell types other than IO, GT and clock resources
** IO Loads column represents load cell count of IO types
*** Clocking Loads column represents load cell count that are clock resources (global clock buffer, MMCM, PLL, etc)
**** GT Loads column represents load cell count of GT types


+----+----+----+-------+--------+-----------------------+
|    | X0 | X1 | X2    | X3     | HORIZONTAL PROG DELAY |
+----+----+----+-------+--------+-----------------------+
| Y6 |  0 |  0 |     0 |      0 |                     - |
| Y5 |  0 |  0 |     0 |      0 |                     - |
| Y4 |  0 |  0 |     0 |      0 |                     - |
| Y3 |  0 |  0 |     0 |  (D) 1 |                     0 |
| Y2 |  0 |  0 | (R) 0 |      0 |                     - |
| Y1 |  0 |  0 |     0 |      0 |                     - |
| Y0 |  0 |  0 |     0 |      0 |                     - |
+----+----+----+-------+--------+-----------------------+


15. Device Cell Placement Summary for Global Clock g7
-----------------------------------------------------

+-----------+-----------------+-------------------+-------+-------------+---------------+----------+-------------+----------+----------------+----------+-------------+
| Global Id | Driver Type/Pin | Driver Region (D) | Clock | Period (ns) | Waveform (ns) | Root (R) | Slice Loads | IO Loads | Clocking Loads | GT Loads | Net         |
+-----------+-----------------+-------------------+-------+-------------+---------------+----------+-------------+----------+----------------+----------+-------------+
| g7        | BUFGCE/O        | X3Y3              |       |             |               | X3Y3     |          32 |        0 |              0 |        0 | ring_enable |
+-----------+-----------------+-------------------+-------+-------------+---------------+----------+-------------+----------+----------------+----------+-------------+
* Slice Loads column represents load cell count of all cell types other than IO, GT and clock resources
** IO Loads column represents load cell count of IO types
*** Clocking Loads column represents load cell count that are clock resources (global clock buffer, MMCM, PLL, etc)
**** GT Loads column represents load cell count of GT types


+----+----+----+----+------------+-----------------------+
|    | X0 | X1 | X2 | X3         | HORIZONTAL PROG DELAY |
+----+----+----+----+------------+-----------------------+
| Y6 |  0 |  0 |  0 |          0 |                     - |
| Y5 |  0 |  0 |  0 |          0 |                     - |
| Y4 |  0 |  0 |  0 |          0 |                     - |
| Y3 |  0 |  0 |  0 | (R) (D) 32 |                     0 |
| Y2 |  0 |  0 |  0 |          0 |                     - |
| Y1 |  0 |  0 |  0 |          0 |                     - |
| Y0 |  0 |  0 |  0 |          0 |                     - |
+----+----+----+----+------------+-----------------------+


16. Clock Region Cell Placement per Global Clock: Region X1Y0
-------------------------------------------------------------

+-----------+-------+-----------------+------------+-------------+-----------------+----+-------------+------+-----+----+------+-----+---------+---------------------------------------------------+
| Global Id | Track | Driver Type/Pin | Constraint | Clock Loads | Non-Clock Loads | FF | Memory LUTs | RAMB | DSP | GT | MMCM | PLL | Hard IP | Net                                               |
+-----------+-------+-----------------+------------+-------------+-----------------+----+-------------+------+-----+----+------+-----+---------+---------------------------------------------------+
| g0+       | 10    | BUFGCE/O        | None       |           0 |               0 |  0 |           0 |    0 |   0 |  0 |    0 |   0 |       0 | clk_200_to_100_0/inst/clk100                      |
| g5+       | 6     | BUFGCE/O        | None       |           0 |               0 |  0 |           0 |    0 |   0 |  0 |    0 |   0 |       0 | clk_200_to_100_0/inst/clkfbout_buf_clk_200_to_100 |
+-----------+-------+-----------------+------------+-------------+-----------------+----+-------------+------+-----+----+------+-----+---------+---------------------------------------------------+
* Clock Loads column represents the clock pin loads (pin count)
** Non-Clock Loads column represents the non-clock pin loads (pin count)
*** Columns FF, LUTRAM, RAMB through 'Hard IP' represents load cell counts
**** In Global Id column, sympbol '+' indicates that global clock was used only to route through the clock region.


17. Clock Region Cell Placement per Global Clock: Region X2Y0
-------------------------------------------------------------

+-----------+-------+-----------------+------------+-------------+-----------------+----+-------------+------+-----+----+------+-----+---------+---------------------------------------------------+
| Global Id | Track | Driver Type/Pin | Constraint | Clock Loads | Non-Clock Loads | FF | Memory LUTs | RAMB | DSP | GT | MMCM | PLL | Hard IP | Net                                               |
+-----------+-------+-----------------+------------+-------------+-----------------+----+-------------+------+-----+----+------+-----+---------+---------------------------------------------------+
| g0+       | 10    | BUFGCE/O        | None       |           0 |               0 |  0 |           0 |    0 |   0 |  0 |    0 |   0 |       0 | clk_200_to_100_0/inst/clk100                      |
| g5+       | 6     | BUFGCE/O        | None       |           0 |               0 |  0 |           0 |    0 |   0 |  0 |    0 |   0 |       0 | clk_200_to_100_0/inst/clkfbout_buf_clk_200_to_100 |
+-----------+-------+-----------------+------------+-------------+-----------------+----+-------------+------+-----+----+------+-----+---------+---------------------------------------------------+
* Clock Loads column represents the clock pin loads (pin count)
** Non-Clock Loads column represents the non-clock pin loads (pin count)
*** Columns FF, LUTRAM, RAMB through 'Hard IP' represents load cell counts
**** In Global Id column, sympbol '+' indicates that global clock was used only to route through the clock region.


18. Clock Region Cell Placement per Global Clock: Region X3Y0
-------------------------------------------------------------

+-----------+-------+-----------------+------------+-------------+-----------------+----+-------------+------+-----+----+------+-----+---------+---------------------------------------------------+
| Global Id | Track | Driver Type/Pin | Constraint | Clock Loads | Non-Clock Loads | FF | Memory LUTs | RAMB | DSP | GT | MMCM | PLL | Hard IP | Net                                               |
+-----------+-------+-----------------+------------+-------------+-----------------+----+-------------+------+-----+----+------+-----+---------+---------------------------------------------------+
| g0+       | 10    | BUFGCE/O        | None       |           0 |               0 |  0 |           0 |    0 |   0 |  0 |    0 |   0 |       0 | clk_200_to_100_0/inst/clk100                      |
| g5        | 6     | BUFGCE/O        | None       |           0 |               1 |  0 |           0 |    0 |   0 |  0 |    1 |   0 |       0 | clk_200_to_100_0/inst/clkfbout_buf_clk_200_to_100 |
+-----------+-------+-----------------+------------+-------------+-----------------+----+-------------+------+-----+----+------+-----+---------+---------------------------------------------------+
* Clock Loads column represents the clock pin loads (pin count)
** Non-Clock Loads column represents the non-clock pin loads (pin count)
*** Columns FF, LUTRAM, RAMB through 'Hard IP' represents load cell counts
**** In Global Id column, sympbol '+' indicates that global clock was used only to route through the clock region.


19. Clock Region Cell Placement per Global Clock: Region X1Y1
-------------------------------------------------------------

+-----------+-------+-----------------+--------------+-------------+-----------------+----+-------------+------+-----+----+------+-----+---------+---------------------------------------------------+
| Global Id | Track | Driver Type/Pin | Constraint   | Clock Loads | Non-Clock Loads | FF | Memory LUTs | RAMB | DSP | GT | MMCM | PLL | Hard IP | Net                                               |
+-----------+-------+-----------------+--------------+-------------+-----------------+----+-------------+------+-----+----+------+-----+---------+---------------------------------------------------+
| g0+       | 10    | BUFGCE/O        | None         |           0 |               0 |  0 |           0 |    0 |   0 |  0 |    0 |   0 |       0 | clk_200_to_100_0/inst/clk100                      |
| g2+       | 1     | BUFGCE/O        | BUFGCE_X0Y73 |           0 |               0 |  0 |           0 |    0 |   0 |  0 |    0 |   0 |       0 | ring_clk[0]                                       |
| g5+       | 6     | BUFGCE/O        | None         |           0 |               0 |  0 |           0 |    0 |   0 |  0 |    0 |   0 |       0 | clk_200_to_100_0/inst/clkfbout_buf_clk_200_to_100 |
+-----------+-------+-----------------+--------------+-------------+-----------------+----+-------------+------+-----+----+------+-----+---------+---------------------------------------------------+
* Clock Loads column represents the clock pin loads (pin count)
** Non-Clock Loads column represents the non-clock pin loads (pin count)
*** Columns FF, LUTRAM, RAMB through 'Hard IP' represents load cell counts
**** In Global Id column, sympbol '+' indicates that global clock was used only to route through the clock region.


20. Clock Region Cell Placement per Global Clock: Region X2Y1
-------------------------------------------------------------

+-----------+-------+-----------------+--------------+-------------+-----------------+------+-------------+------+-----+----+------+-----+---------+----------------------------------------+
| Global Id | Track | Driver Type/Pin | Constraint   | Clock Loads | Non-Clock Loads | FF   | Memory LUTs | RAMB | DSP | GT | MMCM | PLL | Hard IP | Net                                    |
+-----------+-------+-----------------+--------------+-------------+-----------------+------+-------------+------+-----+----+------+-----+---------+----------------------------------------+
| g0        | 10    | BUFGCE/O        | None         |        1109 |               0 | 1103 |           0 |    6 |   0 |  0 |    0 |   0 |       0 | clk_200_to_100_0/inst/clk100           |
| g2        | 1     | BUFGCE/O        | BUFGCE_X0Y73 |         120 |               0 |  116 |           0 |    4 |   0 |  0 |    0 |   0 |       0 | ring_clk[0]                            |
| g3        | 14    | BUFGCE/O        | None         |           4 |               0 |    4 |           0 |    0 |   0 |  0 |    0 |   0 |       0 | dbg_hub/inst/BSCANID.u_xsdbm_id/itck_i |
| g4        | 0     | BUFGCE/O        | BUFGCE_X0Y72 |         112 |               1 |  110 |           0 |    2 |   0 |  0 |    0 |   0 |       0 | ring_clk[1]                            |
+-----------+-------+-----------------+--------------+-------------+-----------------+------+-------------+------+-----+----+------+-----+---------+----------------------------------------+
* Clock Loads column represents the clock pin loads (pin count)
** Non-Clock Loads column represents the non-clock pin loads (pin count)
*** Columns FF, LUTRAM, RAMB through 'Hard IP' represents load cell counts


21. Clock Region Cell Placement per Global Clock: Region X3Y1
-------------------------------------------------------------

+-----------+-------+-----------------+--------------+-------------+-----------------+------+-------------+------+-----+----+------+-----+---------+----------------------------------------+
| Global Id | Track | Driver Type/Pin | Constraint   | Clock Loads | Non-Clock Loads | FF   | Memory LUTs | RAMB | DSP | GT | MMCM | PLL | Hard IP | Net                                    |
+-----------+-------+-----------------+--------------+-------------+-----------------+------+-------------+------+-----+----+------+-----+---------+----------------------------------------+
| g0        | 10    | BUFGCE/O        | None         |        1622 |               0 | 1616 |           3 |    2 |   0 |  0 |    0 |   0 |       0 | clk_200_to_100_0/inst/clk100           |
| g3        | 14    | BUFGCE/O        | None         |         465 |               0 |  462 |           3 |    0 |   0 |  0 |    0 |   0 |       0 | dbg_hub/inst/BSCANID.u_xsdbm_id/itck_i |
| g4        | 0     | BUFGCE/O        | BUFGCE_X0Y72 |           6 |               0 |    4 |           0 |    2 |   0 |  0 |    0 |   0 |       0 | ring_clk[1]                            |
+-----------+-------+-----------------+--------------+-------------+-----------------+------+-------------+------+-----+----+------+-----+---------+----------------------------------------+
* Clock Loads column represents the clock pin loads (pin count)
** Non-Clock Loads column represents the non-clock pin loads (pin count)
*** Columns FF, LUTRAM, RAMB through 'Hard IP' represents load cell counts


22. Clock Region Cell Placement per Global Clock: Region X1Y2
-------------------------------------------------------------

+-----------+-------+-----------------+--------------+-------------+-----------------+----+-------------+------+-----+----+------+-----+---------+---------------------------------------------------+
| Global Id | Track | Driver Type/Pin | Constraint   | Clock Loads | Non-Clock Loads | FF | Memory LUTs | RAMB | DSP | GT | MMCM | PLL | Hard IP | Net                                               |
+-----------+-------+-----------------+--------------+-------------+-----------------+----+-------------+------+-----+----+------+-----+---------+---------------------------------------------------+
| g0        | 10    | BUFGCE/O        | None         |           2 |               0 |  0 |           0 |    2 |   0 |  0 |    0 |   0 |       0 | clk_200_to_100_0/inst/clk100                      |
| g2        | 1     | BUFGCE/O        | BUFGCE_X0Y73 |           2 |               0 |  0 |           0 |    2 |   0 |  0 |    0 |   0 |       0 | ring_clk[0]                                       |
| g5+       | 6     | BUFGCE/O        | None         |           0 |               0 |  0 |           0 |    0 |   0 |  0 |    0 |   0 |       0 | clk_200_to_100_0/inst/clkfbout_buf_clk_200_to_100 |
+-----------+-------+-----------------+--------------+-------------+-----------------+----+-------------+------+-----+----+------+-----+---------+---------------------------------------------------+
* Clock Loads column represents the clock pin loads (pin count)
** Non-Clock Loads column represents the non-clock pin loads (pin count)
*** Columns FF, LUTRAM, RAMB through 'Hard IP' represents load cell counts
**** In Global Id column, sympbol '+' indicates that global clock was used only to route through the clock region.


23. Clock Region Cell Placement per Global Clock: Region X2Y2
-------------------------------------------------------------

+-----------+-------+-----------------+--------------+-------------+-----------------+-----+-------------+------+-----+----+------+-----+---------+---------------------------------------------------------------+
| Global Id | Track | Driver Type/Pin | Constraint   | Clock Loads | Non-Clock Loads | FF  | Memory LUTs | RAMB | DSP | GT | MMCM | PLL | Hard IP | Net                                                           |
+-----------+-------+-----------------+--------------+-------------+-----------------+-----+-------------+------+-----+----+------+-----+---------+---------------------------------------------------------------+
| g0        | 10    | BUFGCE/O        | None         |         245 |               0 | 238 |           0 |    7 |   0 |  0 |    0 |   0 |       0 | clk_200_to_100_0/inst/clk100                                  |
| g1        | 9     | BUFGCE/O        | None         |           6 |               0 |   6 |           0 |    0 |   0 |  0 |    0 |   0 |       0 | master_ring_pll_220m_0/inst/master_ring_pll_clk               |
| g2        | 1     | BUFGCE/O        | BUFGCE_X0Y73 |           7 |               0 |   0 |           0 |    7 |   0 |  0 |    0 |   0 |       0 | ring_clk[0]                                                   |
| g4+       | 0     | BUFGCE/O        | BUFGCE_X0Y72 |           0 |               0 |   0 |           0 |    0 |   0 |  0 |    0 |   0 |       0 | ring_clk[1]                                                   |
| g6+       | 4     | BUFGCE/O        | None         |           0 |               0 |   0 |           0 |    0 |   0 |  0 |    0 |   0 |       0 | master_ring_pll_220m_0/inst/clkfbout_buf_master_ring_pll_220m |
+-----------+-------+-----------------+--------------+-------------+-----------------+-----+-------------+------+-----+----+------+-----+---------+---------------------------------------------------------------+
* Clock Loads column represents the clock pin loads (pin count)
** Non-Clock Loads column represents the non-clock pin loads (pin count)
*** Columns FF, LUTRAM, RAMB through 'Hard IP' represents load cell counts
**** In Global Id column, sympbol '+' indicates that global clock was used only to route through the clock region.


24. Clock Region Cell Placement per Global Clock: Region X3Y2
-------------------------------------------------------------

+-----------+-------+-----------------+--------------+-------------+-----------------+------+-------------+------+-----+----+------+-----+---------+-------------------------------------------------+
| Global Id | Track | Driver Type/Pin | Constraint   | Clock Loads | Non-Clock Loads | FF   | Memory LUTs | RAMB | DSP | GT | MMCM | PLL | Hard IP | Net                                             |
+-----------+-------+-----------------+--------------+-------------+-----------------+------+-------------+------+-----+----+------+-----+---------+-------------------------------------------------+
| g0        | 10    | BUFGCE/O        | None         |        2060 |               0 | 2052 |           0 |    8 |   0 |  0 |    0 |   0 |       0 | clk_200_to_100_0/inst/clk100                    |
| g1        | 9     | BUFGCE/O        | None         |        2347 |               0 | 2339 |           0 |    8 |   0 |  0 |    0 |   0 |       0 | master_ring_pll_220m_0/inst/master_ring_pll_clk |
| g2        | 1     | BUFGCE/O        | BUFGCE_X0Y73 |           0 |               1 |    1 |           0 |    0 |   0 |  0 |    0 |   0 |       0 | ring_clk[0]                                     |
| g4        | 0     | BUFGCE/O        | BUFGCE_X0Y72 |           0 |               1 |    1 |           0 |    0 |   0 |  0 |    0 |   0 |       0 | ring_clk[1]                                     |
+-----------+-------+-----------------+--------------+-------------+-----------------+------+-------------+------+-----+----+------+-----+---------+-------------------------------------------------+
* Clock Loads column represents the clock pin loads (pin count)
** Non-Clock Loads column represents the non-clock pin loads (pin count)
*** Columns FF, LUTRAM, RAMB through 'Hard IP' represents load cell counts


25. Clock Region Cell Placement per Global Clock: Region X0Y3
-------------------------------------------------------------

+-----------+-------+-----------------+--------------+-------------+-----------------+----+-------------+------+-----+----+------+-----+---------+------------------------------+
| Global Id | Track | Driver Type/Pin | Constraint   | Clock Loads | Non-Clock Loads | FF | Memory LUTs | RAMB | DSP | GT | MMCM | PLL | Hard IP | Net                          |
+-----------+-------+-----------------+--------------+-------------+-----------------+----+-------------+------+-----+----+------+-----+---------+------------------------------+
| g0        | 10    | BUFGCE/O        | None         |          39 |               0 |  0 |           0 |   39 |   0 |  0 |    0 |   0 |       0 | clk_200_to_100_0/inst/clk100 |
| g2        | 1     | BUFGCE/O        | BUFGCE_X0Y73 |          39 |               0 |  0 |           0 |   39 |   0 |  0 |    0 |   0 |       0 | ring_clk[0]                  |
+-----------+-------+-----------------+--------------+-------------+-----------------+----+-------------+------+-----+----+------+-----+---------+------------------------------+
* Clock Loads column represents the clock pin loads (pin count)
** Non-Clock Loads column represents the non-clock pin loads (pin count)
*** Columns FF, LUTRAM, RAMB through 'Hard IP' represents load cell counts


26. Clock Region Cell Placement per Global Clock: Region X1Y3
-------------------------------------------------------------

+-----------+-------+-----------------+--------------+-------------+-----------------+----+-------------+------+-----+----+------+-----+---------+---------------------------------------------------+
| Global Id | Track | Driver Type/Pin | Constraint   | Clock Loads | Non-Clock Loads | FF | Memory LUTs | RAMB | DSP | GT | MMCM | PLL | Hard IP | Net                                               |
+-----------+-------+-----------------+--------------+-------------+-----------------+----+-------------+------+-----+----+------+-----+---------+---------------------------------------------------+
| g0        | 10    | BUFGCE/O        | None         |          26 |               0 |  0 |           0 |   26 |   0 |  0 |    0 |   0 |       0 | clk_200_to_100_0/inst/clk100                      |
| g2        | 1     | BUFGCE/O        | BUFGCE_X0Y73 |          26 |               0 |  0 |           0 |   26 |   0 |  0 |    0 |   0 |       0 | ring_clk[0]                                       |
| g5+       | 6     | BUFGCE/O        | None         |           0 |               0 |  0 |           0 |    0 |   0 |  0 |    0 |   0 |       0 | clk_200_to_100_0/inst/clkfbout_buf_clk_200_to_100 |
+-----------+-------+-----------------+--------------+-------------+-----------------+----+-------------+------+-----+----+------+-----+---------+---------------------------------------------------+
* Clock Loads column represents the clock pin loads (pin count)
** Non-Clock Loads column represents the non-clock pin loads (pin count)
*** Columns FF, LUTRAM, RAMB through 'Hard IP' represents load cell counts
**** In Global Id column, sympbol '+' indicates that global clock was used only to route through the clock region.


27. Clock Region Cell Placement per Global Clock: Region X2Y3
-------------------------------------------------------------

+-----------+-------+-----------------+--------------+-------------+-----------------+----+-------------+------+-----+----+------+-----+---------+---------------------------------------------------------------+
| Global Id | Track | Driver Type/Pin | Constraint   | Clock Loads | Non-Clock Loads | FF | Memory LUTs | RAMB | DSP | GT | MMCM | PLL | Hard IP | Net                                                           |
+-----------+-------+-----------------+--------------+-------------+-----------------+----+-------------+------+-----+----+------+-----+---------+---------------------------------------------------------------+
| g0        | 10    | BUFGCE/O        | None         |          36 |               0 |  0 |           0 |   36 |   0 |  0 |    0 |   0 |       0 | clk_200_to_100_0/inst/clk100                                  |
| g1+       | 9     | BUFGCE/O        | None         |           0 |               0 |  0 |           0 |    0 |   0 |  0 |    0 |   0 |       0 | master_ring_pll_220m_0/inst/master_ring_pll_clk               |
| g2        | 1     | BUFGCE/O        | BUFGCE_X0Y73 |          36 |               0 |  0 |           0 |   36 |   0 |  0 |    0 |   0 |       0 | ring_clk[0]                                                   |
| g4+       | 0     | BUFGCE/O        | BUFGCE_X0Y72 |           0 |               0 |  0 |           0 |    0 |   0 |  0 |    0 |   0 |       0 | ring_clk[1]                                                   |
| g6+       | 4     | BUFGCE/O        | None         |           0 |               0 |  0 |           0 |    0 |   0 |  0 |    0 |   0 |       0 | master_ring_pll_220m_0/inst/clkfbout_buf_master_ring_pll_220m |
+-----------+-------+-----------------+--------------+-------------+-----------------+----+-------------+------+-----+----+------+-----+---------+---------------------------------------------------------------+
* Clock Loads column represents the clock pin loads (pin count)
** Non-Clock Loads column represents the non-clock pin loads (pin count)
*** Columns FF, LUTRAM, RAMB through 'Hard IP' represents load cell counts
**** In Global Id column, sympbol '+' indicates that global clock was used only to route through the clock region.


28. Clock Region Cell Placement per Global Clock: Region X3Y3
-------------------------------------------------------------

+-----------+-------+-----------------+--------------+-------------+-----------------+----+-------------+------+-----+----+------+-----+---------+---------------------------------------------------------------+
| Global Id | Track | Driver Type/Pin | Constraint   | Clock Loads | Non-Clock Loads | FF | Memory LUTs | RAMB | DSP | GT | MMCM | PLL | Hard IP | Net                                                           |
+-----------+-------+-----------------+--------------+-------------+-----------------+----+-------------+------+-----+----+------+-----+---------+---------------------------------------------------------------+
| g0        | 10    | BUFGCE/O        | None         |           2 |               0 |  0 |           0 |    1 |   0 |  0 |    1 |   0 |       0 | clk_200_to_100_0/inst/clk100                                  |
| g1        | 9     | BUFGCE/O        | None         |           1 |               0 |  1 |           0 |    0 |   0 |  0 |    0 |   0 |       0 | master_ring_pll_220m_0/inst/master_ring_pll_clk               |
| g2        | 1     | BUFGCE/O        | BUFGCE_X0Y73 |           1 |               1 |  0 |           0 |    1 |   0 |  0 |    1 |   0 |       0 | ring_clk[0]                                                   |
| g4+       | 0     | BUFGCE/O        | BUFGCE_X0Y72 |           0 |               0 |  0 |           0 |    0 |   0 |  0 |    0 |   0 |       0 | ring_clk[1]                                                   |
| g6        | 4     | BUFGCE/O        | None         |           0 |               1 |  0 |           0 |    0 |   0 |  0 |    1 |   0 |       0 | master_ring_pll_220m_0/inst/clkfbout_buf_master_ring_pll_220m |
| g7        | 23    | BUFGCE/O        | None         |           0 |              32 |  0 |           0 |    0 |   0 |  0 |    0 |   0 |       0 | ring_enable                                                   |
+-----------+-------+-----------------+--------------+-------------+-----------------+----+-------------+------+-----+----+------+-----+---------+---------------------------------------------------------------+
* Clock Loads column represents the clock pin loads (pin count)
** Non-Clock Loads column represents the non-clock pin loads (pin count)
*** Columns FF, LUTRAM, RAMB through 'Hard IP' represents load cell counts
**** In Global Id column, sympbol '+' indicates that global clock was used only to route through the clock region.


29. Clock Region Cell Placement per Global Clock: Region X0Y4
-------------------------------------------------------------

+-----------+-------+-----------------+--------------+-------------+-----------------+----+-------------+------+-----+----+------+-----+---------+------------------------------+
| Global Id | Track | Driver Type/Pin | Constraint   | Clock Loads | Non-Clock Loads | FF | Memory LUTs | RAMB | DSP | GT | MMCM | PLL | Hard IP | Net                          |
+-----------+-------+-----------------+--------------+-------------+-----------------+----+-------------+------+-----+----+------+-----+---------+------------------------------+
| g0        | 10    | BUFGCE/O        | None         |          26 |               0 |  0 |           0 |   26 |   0 |  0 |    0 |   0 |       0 | clk_200_to_100_0/inst/clk100 |
| g2        | 1     | BUFGCE/O        | BUFGCE_X0Y73 |          26 |               0 |  0 |           0 |   26 |   0 |  0 |    0 |   0 |       0 | ring_clk[0]                  |
+-----------+-------+-----------------+--------------+-------------+-----------------+----+-------------+------+-----+----+------+-----+---------+------------------------------+
* Clock Loads column represents the clock pin loads (pin count)
** Non-Clock Loads column represents the non-clock pin loads (pin count)
*** Columns FF, LUTRAM, RAMB through 'Hard IP' represents load cell counts


30. Clock Region Cell Placement per Global Clock: Region X1Y4
-------------------------------------------------------------

+-----------+-------+-----------------+--------------+-------------+-----------------+-----+-------------+------+-----+----+------+-----+---------+------------------------------+
| Global Id | Track | Driver Type/Pin | Constraint   | Clock Loads | Non-Clock Loads | FF  | Memory LUTs | RAMB | DSP | GT | MMCM | PLL | Hard IP | Net                          |
+-----------+-------+-----------------+--------------+-------------+-----------------+-----+-------------+------+-----+----+------+-----+---------+------------------------------+
| g0        | 10    | BUFGCE/O        | None         |         186 |               0 | 166 |           0 |   20 |   0 |  0 |    0 |   0 |       0 | clk_200_to_100_0/inst/clk100 |
| g2        | 1     | BUFGCE/O        | BUFGCE_X0Y73 |         235 |               0 | 215 |           0 |   20 |   0 |  0 |    0 |   0 |       0 | ring_clk[0]                  |
| g4        | 0     | BUFGCE/O        | BUFGCE_X0Y72 |           0 |               1 |   1 |           0 |    0 |   0 |  0 |    0 |   0 |       0 | ring_clk[1]                  |
+-----------+-------+-----------------+--------------+-------------+-----------------+-----+-------------+------+-----+----+------+-----+---------+------------------------------+
* Clock Loads column represents the clock pin loads (pin count)
** Non-Clock Loads column represents the non-clock pin loads (pin count)
*** Columns FF, LUTRAM, RAMB through 'Hard IP' represents load cell counts


31. Clock Region Cell Placement per Global Clock: Region X2Y4
-------------------------------------------------------------

+-----------+-------+-----------------+--------------+-------------+-----------------+----+-------------+------+-----+----+------+-----+---------+------------------------------+
| Global Id | Track | Driver Type/Pin | Constraint   | Clock Loads | Non-Clock Loads | FF | Memory LUTs | RAMB | DSP | GT | MMCM | PLL | Hard IP | Net                          |
+-----------+-------+-----------------+--------------+-------------+-----------------+----+-------------+------+-----+----+------+-----+---------+------------------------------+
| g0        | 10    | BUFGCE/O        | None         |          32 |               0 |  0 |           0 |   32 |   0 |  0 |    0 |   0 |       0 | clk_200_to_100_0/inst/clk100 |
| g2        | 1     | BUFGCE/O        | BUFGCE_X0Y73 |          32 |               0 |  0 |           0 |   32 |   0 |  0 |    0 |   0 |       0 | ring_clk[0]                  |
| g4+       | 0     | BUFGCE/O        | BUFGCE_X0Y72 |           0 |               0 |  0 |           0 |    0 |   0 |  0 |    0 |   0 |       0 | ring_clk[1]                  |
+-----------+-------+-----------------+--------------+-------------+-----------------+----+-------------+------+-----+----+------+-----+---------+------------------------------+
* Clock Loads column represents the clock pin loads (pin count)
** Non-Clock Loads column represents the non-clock pin loads (pin count)
*** Columns FF, LUTRAM, RAMB through 'Hard IP' represents load cell counts
**** In Global Id column, sympbol '+' indicates that global clock was used only to route through the clock region.


32. Clock Region Cell Placement per Global Clock: Region X0Y5
-------------------------------------------------------------

+-----------+-------+-----------------+--------------+-------------+-----------------+----+-------------+------+-----+----+------+-----+---------+------------------------------+
| Global Id | Track | Driver Type/Pin | Constraint   | Clock Loads | Non-Clock Loads | FF | Memory LUTs | RAMB | DSP | GT | MMCM | PLL | Hard IP | Net                          |
+-----------+-------+-----------------+--------------+-------------+-----------------+----+-------------+------+-----+----+------+-----+---------+------------------------------+
| g0        | 10    | BUFGCE/O        | None         |          33 |               0 |  0 |           0 |   33 |   0 |  0 |    0 |   0 |       0 | clk_200_to_100_0/inst/clk100 |
| g2        | 1     | BUFGCE/O        | BUFGCE_X0Y73 |          33 |               0 |  0 |           0 |   33 |   0 |  0 |    0 |   0 |       0 | ring_clk[0]                  |
+-----------+-------+-----------------+--------------+-------------+-----------------+----+-------------+------+-----+----+------+-----+---------+------------------------------+
* Clock Loads column represents the clock pin loads (pin count)
** Non-Clock Loads column represents the non-clock pin loads (pin count)
*** Columns FF, LUTRAM, RAMB through 'Hard IP' represents load cell counts


33. Clock Region Cell Placement per Global Clock: Region X1Y5
-------------------------------------------------------------

+-----------+-------+-----------------+--------------+-------------+-----------------+----+-------------+------+-----+----+------+-----+---------+------------------------------+
| Global Id | Track | Driver Type/Pin | Constraint   | Clock Loads | Non-Clock Loads | FF | Memory LUTs | RAMB | DSP | GT | MMCM | PLL | Hard IP | Net                          |
+-----------+-------+-----------------+--------------+-------------+-----------------+----+-------------+------+-----+----+------+-----+---------+------------------------------+
| g0        | 10    | BUFGCE/O        | None         |          28 |               0 |  0 |           0 |   28 |   0 |  0 |    0 |   0 |       0 | clk_200_to_100_0/inst/clk100 |
| g2        | 1     | BUFGCE/O        | BUFGCE_X0Y73 |          28 |               0 |  0 |           0 |   28 |   0 |  0 |    0 |   0 |       0 | ring_clk[0]                  |
+-----------+-------+-----------------+--------------+-------------+-----------------+----+-------------+------+-----+----+------+-----+---------+------------------------------+
* Clock Loads column represents the clock pin loads (pin count)
** Non-Clock Loads column represents the non-clock pin loads (pin count)
*** Columns FF, LUTRAM, RAMB through 'Hard IP' represents load cell counts


34. Clock Region Cell Placement per Global Clock: Region X2Y5
-------------------------------------------------------------

+-----------+-------+-----------------+--------------+-------------+-----------------+----+-------------+------+-----+----+------+-----+---------+------------------------------+
| Global Id | Track | Driver Type/Pin | Constraint   | Clock Loads | Non-Clock Loads | FF | Memory LUTs | RAMB | DSP | GT | MMCM | PLL | Hard IP | Net                          |
+-----------+-------+-----------------+--------------+-------------+-----------------+----+-------------+------+-----+----+------+-----+---------+------------------------------+
| g0        | 10    | BUFGCE/O        | None         |           1 |               0 |  0 |           0 |    1 |   0 |  0 |    0 |   0 |       0 | clk_200_to_100_0/inst/clk100 |
| g2        | 1     | BUFGCE/O        | BUFGCE_X0Y73 |           1 |               0 |  0 |           0 |    1 |   0 |  0 |    0 |   0 |       0 | ring_clk[0]                  |
+-----------+-------+-----------------+--------------+-------------+-----------------+----+-------------+------+-----+----+------+-----+---------+------------------------------+
* Clock Loads column represents the clock pin loads (pin count)
** Non-Clock Loads column represents the non-clock pin loads (pin count)
*** Columns FF, LUTRAM, RAMB through 'Hard IP' represents load cell counts


35. Clock Region Cell Placement per Global Clock: Region X0Y6
-------------------------------------------------------------

+-----------+-------+-----------------+--------------+-------------+-----------------+----+-------------+------+-----+----+------+-----+---------+------------------------------+
| Global Id | Track | Driver Type/Pin | Constraint   | Clock Loads | Non-Clock Loads | FF | Memory LUTs | RAMB | DSP | GT | MMCM | PLL | Hard IP | Net                          |
+-----------+-------+-----------------+--------------+-------------+-----------------+----+-------------+------+-----+----+------+-----+---------+------------------------------+
| g0        | 10    | BUFGCE/O        | None         |           1 |               0 |  0 |           0 |    1 |   0 |  0 |    0 |   0 |       0 | clk_200_to_100_0/inst/clk100 |
| g2        | 1     | BUFGCE/O        | BUFGCE_X0Y73 |           1 |               0 |  0 |           0 |    1 |   0 |  0 |    0 |   0 |       0 | ring_clk[0]                  |
+-----------+-------+-----------------+--------------+-------------+-----------------+----+-------------+------+-----+----+------+-----+---------+------------------------------+
* Clock Loads column represents the clock pin loads (pin count)
** Non-Clock Loads column represents the non-clock pin loads (pin count)
*** Columns FF, LUTRAM, RAMB through 'Hard IP' represents load cell counts


36. Clock Region Cell Placement per Global Clock: Region X1Y6
-------------------------------------------------------------

+-----------+-------+-----------------+--------------+-------------+-----------------+----+-------------+------+-----+----+------+-----+---------+------------------------------+
| Global Id | Track | Driver Type/Pin | Constraint   | Clock Loads | Non-Clock Loads | FF | Memory LUTs | RAMB | DSP | GT | MMCM | PLL | Hard IP | Net                          |
+-----------+-------+-----------------+--------------+-------------+-----------------+----+-------------+------+-----+----+------+-----+---------+------------------------------+
| g0        | 10    | BUFGCE/O        | None         |           4 |               0 |  0 |           0 |    4 |   0 |  0 |    0 |   0 |       0 | clk_200_to_100_0/inst/clk100 |
| g2        | 1     | BUFGCE/O        | BUFGCE_X0Y73 |           4 |               0 |  0 |           0 |    4 |   0 |  0 |    0 |   0 |       0 | ring_clk[0]                  |
+-----------+-------+-----------------+--------------+-------------+-----------------+----+-------------+------+-----+----+------+-----+---------+------------------------------+
* Clock Loads column represents the clock pin loads (pin count)
** Non-Clock Loads column represents the non-clock pin loads (pin count)
*** Columns FF, LUTRAM, RAMB through 'Hard IP' represents load cell counts


